0 silly argv {
0 silly argv   _: [ 'create' ],
0 silly argv   lernaVersion: '3.22.1',
0 silly argv   '$0': '/usr/local/bin/lerna',
0 silly argv   name: '@mo-demo/cli-shared-utils'
0 silly argv }
1 notice cli v3.22.1
2 verbose rootPath /Users/jchen/sites/vue/lerna-test
3 info versioning independent
4 warn ENOREMOTE No git remote found, skipping repository property
5 error Error: canceled
5 error     at Interface.<anonymous> (/Users/jchen/sites/vue/lerna-test/node_modules/read/lib/read.js:66:13)
5 error     at Interface.emit (events.js:314:20)
5 error     at Interface._ttyWrite (readline.js:868:16)
5 error     at ReadStream.onkeypress (readline.js:205:10)
5 error     at ReadStream.emit (events.js:314:20)
5 error     at emitKeys (internal/readline/utils.js:335:14)
5 error     at emitKeys.next (<anonymous>)
5 error     at ReadStream.onData (readline.js:1137:36)
5 error     at ReadStream.emit (events.js:314:20)
5 error     at addChunk (_stream_readable.js:298:12)
5 error     at readableAddChunk (_stream_readable.js:273:9)
5 error     at ReadStream.Readable.push (_stream_readable.js:214:10)
